<?xml version="1.0" encoding="UTF-8"?>
<testsuite xmlns:xsi="http://www.w3.org/2001/XMLSchema-instance" xsi:noNamespaceSchemaLocation="https://maven.apache.org/surefire/maven-surefire-plugin/xsd/surefire-test-report-3.0.xsd" version="3.0" name="TestSuite" time="27.737" tests="2" errors="0" skipped="0" failures="1">
  <properties>
[...]
</properties>
  <testcase name="runScenario[&quot;Org Admin Roster Menu  - Login&quot;, &quot;Optional[Org Admin Roster Menu Test]&quot;](1)" classname="web.runners.OrgAdminTestRunner" time="3.626">
    <failure message="no such element: Unable to locate element: {&quot;method&quot;:&quot;css selector&quot;,&quot;selector&quot;:&quot;*[name=&apos;email&apos;]&quot;}&#10;  (Session info: chrome=134.0.6998.179)&#10;For documentation on this error, please visit: https://www.seleniumhq.org/exceptions/no_such_element.html&#10;Build info: version: &apos;3.141.59&apos;, revision: &apos;e82be7d358&apos;, time: &apos;2018-11-14T08:17:03&apos;&#10;System info: host: &apos;LT-ABB&apos;, ip: &apos;192.168.1.5&apos;, os.name: &apos;Windows 11&apos;, os.arch: &apos;amd64&apos;, os.version: &apos;10.0&apos;, java.version: &apos;20.0.2&apos;&#10;Driver info: org.openqa.selenium.chrome.ChromeDriver&#10;Capabilities {acceptInsecureCerts: false, browserName: chrome, browserVersion: 134.0.6998.179, chrome: {chromedriverVersion: 134.0.6998.165 (fd886e2cb29..., userDataDir: C:\Users\Infogen\AppData\Lo...}, fedcm:accounts: true, goog:chromeOptions: {debuggerAddress: localhost:9222}, javascriptEnabled: true, networkConnectionEnabled: false, pageLoadStrategy: normal, platform: WINDOWS, platformName: WINDOWS, proxy: Proxy(), setWindowRect: true, strictFileInteractability: false, timeouts: {implicit: 0, pageLoad: 300000, script: 30000}, unhandledPromptBehavior: dismiss and notify, webauthn:extension:credBlob: true, webauthn:extension:largeBlob: true, webauthn:extension:minPinLength: true, webauthn:extension:prf: true, webauthn:virtualAuthenticators: true}&#10;Session ID: 31ac8ebde445fbaf7877b429c246cc0b&#10;*** Element info: {Using=name, value=email}" type="org.openqa.selenium.NoSuchElementException"><![CDATA[org.openqa.selenium.NoSuchElementException: 
no such element: Unable to locate element: {"method":"css selector","selector":"*[name='email']"}
  (Session info: chrome=134.0.6998.179)
For documentation on this error, please visit: https://www.seleniumhq.org/exceptions/no_such_element.html
Build info: version: '3.141.59', revision: 'e82be7d358', time: '2018-11-14T08:17:03'
System info: host: 'LT-ABB', ip: '192.168.1.5', os.name: 'Windows 11', os.arch: 'amd64', os.version: '10.0', java.version: '20.0.2'
Driver info: org.openqa.selenium.chrome.ChromeDriver
Capabilities {acceptInsecureCerts: false, browserName: chrome, browserVersion: 134.0.6998.179, chrome: {chromedriverVersion: 134.0.6998.165 (fd886e2cb29..., userDataDir: C:\Users\Infogen\AppData\Lo...}, fedcm:accounts: true, goog:chromeOptions: {debuggerAddress: localhost:9222}, javascriptEnabled: true, networkConnectionEnabled: false, pageLoadStrategy: normal, platform: WINDOWS, platformName: WINDOWS, proxy: Proxy(), setWindowRect: true, strictFileInteractability: false, timeouts: {implicit: 0, pageLoad: 300000, script: 30000}, unhandledPromptBehavior: dismiss and notify, webauthn:extension:credBlob: true, webauthn:extension:largeBlob: true, webauthn:extension:minPinLength: true, webauthn:extension:prf: true, webauthn:virtualAuthenticators: true}
Session ID: 31ac8ebde445fbaf7877b429c246cc0b
*** Element info: {Using=name, value=email}
]]></failure>
    <system-out><![CDATA[
@RegressionTest @orgadmin_roster_menu_login @class @run @pending
Scenario Outline: Org Admin Roster Menu  - Login                            &amp#27;[90m# src/test/resources/web/features/orgadmin/OrgAdminRosterMenu.feature:15&amp#27;[0m
  &amp#27;[32mGiven &amp#27;[0m&amp#27;[32mI am on &amp#27;[0m&amp#27;[32m&amp#27;[1m"<env>"&amp#27;[0m&amp#27;[32m environment &amp#27;[0m&amp#27;[32m&amp#27;[1m"https://rmssg.hatchearlylearning.com/"&amp#27;[0m &amp#27;[90m# web.stepdefs.StepDefinitionCommon.i_am_on_environment(java.lang.String,java.lang.String)&amp#27;[0m

    <span class='badge badge-info'>00:00:00:834</span>

  &amp#27;[31mWhen &amp#27;[0m&amp#27;[31mI enter username &amp#27;[0m&amp#27;[31m&amp#27;[1m"tsgigniteadmin@inboxeen.com"&amp#27;[0m                       &amp#27;[90m# web.stepdefs.StepDefinitionCommon.i_enter_username(java.lang.String)&amp#27;[0m
      &amp#27;[31morg.openqa.selenium.NoSuchElementException: no such element: Unable to locate element: {"method":"css selector","selector":"*[name='email']"}
  (Session info: chrome=134.0.6998.179)
For documentation on this error, please visit: https://www.seleniumhq.org/exceptions/no_such_element.html
Build info: version: '3.141.59', revision: 'e82be7d358', time: '2018-11-14T08:17:03'
System info: host: 'LT-ABB', ip: '192.168.1.5', os.name: 'Windows 11', os.arch: 'amd64', os.version: '10.0', java.version: '20.0.2'
Driver info: org.openqa.selenium.chrome.ChromeDriver
Capabilities {acceptInsecureCerts: false, browserName: chrome, browserVersion: 134.0.6998.179, chrome: {chromedriverVersion: 134.0.6998.165 (fd886e2cb29..., userDataDir: C:\Users\Infogen\AppData\Lo...}, fedcm:accounts: true, goog:chromeOptions: {debuggerAddress: localhost:9222}, javascriptEnabled: true, networkConnectionEnabled: false, pageLoadStrategy: normal, platform: WINDOWS, platformName: WINDOWS, proxy: Proxy(), setWindowRect: true, strictFileInteractability: false, timeouts: {implicit: 0, pageLoad: 300000, script: 30000}, unhandledPromptBehavior: dismiss and notify, webauthn:extension:credBlob: true, webauthn:extension:largeBlob: true, webauthn:extension:minPinLength: true, webauthn:extension:prf: true, webauthn:virtualAuthenticators: true}
Session ID: 31ac8ebde445fbaf7877b429c246cc0b
*** Element info: {Using=name, value=email}
	at java.base/jdk.internal.reflect.DirectConstructorHandleAccessor.newInstance(DirectConstructorHandleAccessor.java:67)
	at java.base/java.lang.reflect.Constructor.newInstanceWithCaller(Constructor.java:500)
	at java.base/java.lang.reflect.Constructor.newInstance(Constructor.java:484)
	at org.openqa.selenium.remote.http.W3CHttpResponseCodec.createException(W3CHttpResponseCodec.java:187)
	at org.openqa.selenium.remote.http.W3CHttpResponseCodec.decode(W3CHttpResponseCodec.java:122)
	at org.openqa.selenium.remote.http.W3CHttpResponseCodec.decode(W3CHttpResponseCodec.java:49)
	at org.openqa.selenium.remote.HttpCommandExecutor.execute(HttpCommandExecutor.java:158)
	at org.openqa.selenium.remote.service.DriverCommandExecutor.execute(DriverCommandExecutor.java:83)
	at org.openqa.selenium.remote.RemoteWebDriver.execute(RemoteWebDriver.java:552)
	at org.openqa.selenium.remote.RemoteWebDriver.findElement(RemoteWebDriver.java:323)
	at org.openqa.selenium.remote.RemoteWebDriver.findElementByName(RemoteWebDriver.java:404)
	at org.openqa.selenium.By$ByName.findElement(By.java:284)
	at org.openqa.selenium.remote.RemoteWebDriver.findElement(RemoteWebDriver.java:315)
	at org.openqa.selenium.support.pagefactory.DefaultElementLocator.findElement(DefaultElementLocator.java:69)
	at org.openqa.selenium.support.pagefactory.internal.LocatingElementHandler.invoke(LocatingElementHandler.java:38)
	at jdk.proxy2/jdk.proxy2.$Proxy14.sendKeys(Unknown Source)
	at web.pages.LoginPage.enterEmailID(LoginPage.java:44)
	at web.stepdefs.StepDefinitionCommon.i_enter_username(StepDefinitionCommon.java:31)
	at ✽.I enter username "tsgigniteadmin@inboxeen.com"(file:///C:/Users/Infogen/Gitstuff/src/test/resources/web/features/orgadmin/OrgAdminRosterMenu.feature:8)
&amp#27;[0m

    <span class='badge badge-info'>00:00:02:069</span>


    Embedding  [image/png 200239 bytes]

  &amp#27;[36mAnd &amp#27;[0m&amp#27;[36mI enter password &amp#27;[0m&amp#27;[36m&amp#27;[1m"123456"&amp#27;[0m                                             &amp#27;[90m# web.stepdefs.StepDefinitionCommon.i_enter_password(java.lang.String)&amp#27;[0m
  &amp#27;[36mAnd &amp#27;[0m&amp#27;[36mI click letsgo&amp#27;[0m                                                        &amp#27;[90m# web.stepdefs.StepDefinitionCommon.i_click_letsgo()&amp#27;[0m
  &amp#27;[36mThen &amp#27;[0m&amp#27;[36mI am on org admin home page&amp#27;[0m                                          &amp#27;[90m# web.stepdefs.StepDefinitionCommon.i_am_on_org_admin_home_page()&amp#27;[0m
]]></system-out>
    <system-err><![CDATA[SLF4J: No SLF4J providers were found.
SLF4J: Defaulting to no-operation (NOP) logger implementation
SLF4J: See https://www.slf4j.org/codes.html#noProviders for further details.
Starting ChromeDriver 134.0.6998.165 (fd886e2cb29dd984c13deec032832dee68d8abe3-refs/branch-heads/6998@{#2122}) on port 8659
Only local connections are allowed.
Please see https://chromedriver.chromium.org/security-considerations for suggestions on keeping ChromeDriver safe.
ChromeDriver was started successfully on port 8659.
Mar 31, 2025 6:52:50 PM org.openqa.selenium.remote.ProtocolHandshake createSession
INFO: Detected dialect: W3C
]]></system-err>
  </testcase>
  <testcase name="runScenario[&quot;Org Admin Roster :RosterPage-VerifyViewandEditClassPage&quot;, &quot;Optional[Org Admin Roster Menu Test]&quot;](2)" classname="web.runners.OrgAdminTestRunner" time="21.816">
    <system-out><![CDATA[
@RegressionTest @orgadmin_verifyviewallclassespages @Sprint4 @IQA_96 @school @run
Scenario Outline: Org Admin Roster :RosterPage-VerifyViewandEditClassPage &amp#27;[90m# src/test/resources/web/features/orgadmin/OrgAdminRosterMenu.feature:45&amp#27;[0m
  &amp#27;[32mWhen &amp#27;[0m&amp#27;[32mI navigate to the and &amp#27;[0m&amp#27;[32m&amp#27;[1m"ROSTER"&amp#27;[0m&amp#27;[32m &amp#27;[0m&amp#27;[32m&amp#27;[1m"View & Edit Schools"&amp#27;[0m               &amp#27;[90m# web.stepdefs.orgadmin.StepDefinationRosterMenu.i_navigate_to_the_and(java.lang.String,java.lang.String)&amp#27;[0m

    <span class='badge badge-danger'>00:00:06:614</span>

popup not found
  &amp#27;[32mThen &amp#27;[0m&amp#27;[32mI checked for the Popup&amp#27;[0m                                            &amp#27;[90m# web.stepdefs.StepDefinitionCommon.I_checked_for_the_popup()&amp#27;[0m

    <span class='badge badge-danger'>00:00:05:065</span>

Page name is displayed asView All Schools
  &amp#27;[32mAnd &amp#27;[0m&amp#27;[32mI am able to see view all schools page &amp#27;[0m&amp#27;[32m&amp#27;[1m"View All Schools"&amp#27;[0m           &amp#27;[90m# web.stepdefs.orgadmin.StepDefinationRosterMenu.i_am_able_to_see_view_all_schools_page(java.lang.String)&amp#27;[0m

    <span class='badge badge-info'>00:00:02:085</span>

  &amp#27;[32mAnd &amp#27;[0m&amp#27;[32mI am able to click on a school name&amp#27;[0m                                 &amp#27;[90m# web.stepdefs.orgadmin.StepDefinationRosterMenu.I_am_able_to_click_on_a_school_name()&amp#27;[0m

    <span class='badge badge-info'>00:00:00:381</span>

Page title is found asView All Classes
  &amp#27;[32mAnd &amp#27;[0m&amp#27;[32mI am able to see view all classes page &amp#27;[0m&amp#27;[32m&amp#27;[1m"View All Classes"&amp#27;[0m           &amp#27;[90m# web.stepdefs.orgadmin.StepDefinationRosterMenu.I_am_able_to_see_view_all_classes_page(java.lang.String)&amp#27;[0m

    <span class='badge badge-info'>00:00:00:176</span>

  &amp#27;[32mThen &amp#27;[0m&amp#27;[32mI navigate to top menu bar &amp#27;[0m&amp#27;[32m&amp#27;[1m"DASHBOARD"&amp#27;[0m&amp#27;[32m &amp#27;[0m&amp#27;[32m&amp#27;[1m"Ignite Dashboard"&amp#27;[0m          &amp#27;[90m# web.stepdefs.parent.StepDefinationParentDashboard.i_navigate_top_menu_bar(java.lang.String,java.lang.String)&amp#27;[0m

    <span class='badge badge-danger'>00:00:07:420</span>

]]></system-out>
  </testcase>
</testsuite>