<?xml version="1.0" encoding="UTF-8"?>
<testng-results ignored="0" total="2" passed="1" failed="1" skipped="0">
  <reporter-output>
  </reporter-output>
  <suite started-at="2025-03-28T09:33:38 IST" name="Default suite" finished-at="2025-03-28T09:34:02 IST" duration-ms="24422">
    <groups>
      <group name="cucumber">
        <method signature="AbstractTestNGCucumberTests.runScenario(io.cucumber.testng.PickleWrapper,io.cucumber.testng.FeatureWrapper)[pri:0, instance:web.runners.OrgAdminTestRunner@41d477ed]" name="runScenario" class="io.cucumber.testng.AbstractTestNGCucumberTests"/>
      </group> <!-- cucumber -->
    </groups>
    <test started-at="2025-03-28T09:33:38 IST" name="Default test" finished-at="2025-03-28T09:34:02 IST" duration-ms="24422">
      <class name="web.runners.OrgAdminTestRunner">
        <test-method is-config="true" signature="init()[pri:0, instance:web.runners.OrgAdminTestRunner@41d477ed]" started-at="2025-03-28T09:33:36 IST" name="init" finished-at="2025-03-28T09:33:38 IST" duration-ms="2041" status="PASS">
          <reporter-output>
          </reporter-output>
        </test-method> <!-- init -->
        <test-method is-config="true" signature="setUpClass()[pri:0, instance:web.runners.OrgAdminTestRunner@41d477ed]" started-at="2025-03-28T09:33:38 IST" name="setUpClass" finished-at="2025-03-28T09:33:39 IST" duration-ms="935" status="PASS">
          <reporter-output>
          </reporter-output>
        </test-method> <!-- setUpClass -->
        <test-method signature="runScenario(io.cucumber.testng.PickleWrapper,io.cucumber.testng.FeatureWrapper)[pri:0, instance:web.runners.OrgAdminTestRunner@41d477ed]" started-at="2025-03-28T09:33:39 IST" name="runScenario" description="Runs Cucumber Scenarios" data-provider="scenarios" finished-at="2025-03-28T09:33:55 IST" duration-ms="16555" status="PASS">
          <params>
            <param index="0">
              <value>
                <![CDATA["Org Admin Roster Menu  - Login"]]>
              </value>
            </param>
            <param index="1">
              <value>
                <![CDATA["Optional[Org Admin Roster Menu Test]"]]>
              </value>
            </param>
          </params>
          <reporter-output>
          </reporter-output>
        </test-method> <!-- runScenario -->
        <test-method signature="runScenario(io.cucumber.testng.PickleWrapper,io.cucumber.testng.FeatureWrapper)[pri:0, instance:web.runners.OrgAdminTestRunner@41d477ed]" started-at="2025-03-28T09:33:55 IST" name="runScenario" description="Runs Cucumber Scenarios" data-provider="scenarios" finished-at="2025-03-28T09:34:01 IST" duration-ms="5948" status="FAIL">
          <params>
            <param index="0">
              <value>
                <![CDATA["Org Admin Roster : ROSTER- Add New Child page functionality"]]>
              </value>
            </param>
            <param index="1">
              <value>
                <![CDATA["Optional[Org Admin Roster Menu Test]"]]>
              </value>
            </param>
          </params>
          <exception class="org.openqa.selenium.NoSuchElementException">
            <message>
              <![CDATA[no such element: Unable to locate element: {"method":"xpath","selector":"//div[contains(@class,'link MuiBox-root') and text()='Add New Child']"}
  (Session info: chrome=134.0.6998.167)
For documentation on this error, please visit: https://www.seleniumhq.org/exceptions/no_such_element.html
Build info: version: '3.141.59', revision: 'e82be7d358', time: '2018-11-14T08:17:03'
System info: host: 'LT-ABB', ip: '192.168.1.6', os.name: 'Windows 11', os.arch: 'amd64', os.version: '10.0', java.version: '20.0.2'
Driver info: org.openqa.selenium.chrome.ChromeDriver
Capabilities {acceptInsecureCerts: false, browserName: chrome, browserVersion: 134.0.6998.167, chrome: {chromedriverVersion: 134.0.6998.165 (fd886e2cb29..., userDataDir: C:\Users\Infogen\AppData\Lo...}, fedcm:accounts: true, goog:chromeOptions: {debuggerAddress: localhost:61707}, javascriptEnabled: true, networkConnectionEnabled: false, pageLoadStrategy: normal, platform: WINDOWS, platformName: WINDOWS, proxy: Proxy(), setWindowRect: true, strictFileInteractability: false, timeouts: {implicit: 0, pageLoad: 300000, script: 30000}, unhandledPromptBehavior: dismiss and notify, webauthn:extension:credBlob: true, webauthn:extension:largeBlob: true, webauthn:extension:minPinLength: true, webauthn:extension:prf: true, webauthn:virtualAuthenticators: true}
Session ID: 1298fa8dd007e5babb07c97602adf0e3
*** Element info: {Using=xpath, value=//div[contains(@class,'link MuiBox-root') and text()='Add New Child']}]]>
            </message>
            <full-stacktrace>
              <![CDATA[org.openqa.selenium.NoSuchElementException: no such element: Unable to locate element: {"method":"xpath","selector":"//div[contains(@class,'link MuiBox-root') and text()='Add New Child']"}
  (Session info: chrome=134.0.6998.167)
For documentation on this error, please visit: https://www.seleniumhq.org/exceptions/no_such_element.html
Build info: version: '3.141.59', revision: 'e82be7d358', time: '2018-11-14T08:17:03'
System info: host: 'LT-ABB', ip: '192.168.1.6', os.name: 'Windows 11', os.arch: 'amd64', os.version: '10.0', java.version: '20.0.2'
Driver info: org.openqa.selenium.chrome.ChromeDriver
Capabilities {acceptInsecureCerts: false, browserName: chrome, browserVersion: 134.0.6998.167, chrome: {chromedriverVersion: 134.0.6998.165 (fd886e2cb29..., userDataDir: C:\Users\Infogen\AppData\Lo...}, fedcm:accounts: true, goog:chromeOptions: {debuggerAddress: localhost:61707}, javascriptEnabled: true, networkConnectionEnabled: false, pageLoadStrategy: normal, platform: WINDOWS, platformName: WINDOWS, proxy: Proxy(), setWindowRect: true, strictFileInteractability: false, timeouts: {implicit: 0, pageLoad: 300000, script: 30000}, unhandledPromptBehavior: dismiss and notify, webauthn:extension:credBlob: true, webauthn:extension:largeBlob: true, webauthn:extension:minPinLength: true, webauthn:extension:prf: true, webauthn:virtualAuthenticators: true}
Session ID: 1298fa8dd007e5babb07c97602adf0e3
*** Element info: {Using=xpath, value=//div[contains(@class,'link MuiBox-root') and text()='Add New Child']}
at java.base/jdk.internal.reflect.DirectConstructorHandleAccessor.newInstance(DirectConstructorHandleAccessor.java:67)
at java.base/java.lang.reflect.Constructor.newInstanceWithCaller(Constructor.java:500)
at java.base/java.lang.reflect.Constructor.newInstance(Constructor.java:484)
at org.openqa.selenium.remote.http.W3CHttpResponseCodec.createException(W3CHttpResponseCodec.java:187)
at org.openqa.selenium.remote.http.W3CHttpResponseCodec.decode(W3CHttpResponseCodec.java:122)
at org.openqa.selenium.remote.http.W3CHttpResponseCodec.decode(W3CHttpResponseCodec.java:49)
at org.openqa.selenium.remote.HttpCommandExecutor.execute(HttpCommandExecutor.java:158)
at org.openqa.selenium.remote.service.DriverCommandExecutor.execute(DriverCommandExecutor.java:83)
at org.openqa.selenium.remote.RemoteWebDriver.execute(RemoteWebDriver.java:552)
at org.openqa.selenium.remote.RemoteWebDriver.findElement(RemoteWebDriver.java:323)
at org.openqa.selenium.remote.RemoteWebDriver.findElementByXPath(RemoteWebDriver.java:428)
at org.openqa.selenium.By$ByXPath.findElement(By.java:353)
at org.openqa.selenium.remote.RemoteWebDriver.findElement(RemoteWebDriver.java:315)
at web.pages.CommonPage.navigate_Top_MenuBar(CommonPage.java:216)
at web.stepdefs.orgadmin.StepDefinationSchoolProgress.i_navigate_to_the(StepDefinationSchoolProgress.java:27)
at ✽.I navigate to the "ROSTER" "Add New Child"(file:///C:/Users/Infogen/eclipse-workspace/com.hatch_productionS1toS9_Sprint79/src/test/resources/web/features/orgadmin/OrgAdminRosterMenu.feature:415)
]]>
            </full-stacktrace>
          </exception> <!-- org.openqa.selenium.NoSuchElementException -->
          <reporter-output>
          </reporter-output>
        </test-method> <!-- runScenario -->
        <test-method is-config="true" signature="tearDownClass()[pri:0, instance:web.runners.OrgAdminTestRunner@41d477ed]" started-at="2025-03-28T09:34:01 IST" name="tearDownClass" finished-at="2025-03-28T09:34:02 IST" duration-ms="919" status="PASS">
          <reporter-output>
          </reporter-output>
        </test-method> <!-- tearDownClass -->
        <test-method is-config="true" signature="sendReportEmail()[pri:0, instance:web.runners.OrgAdminTestRunner@41d477ed]" started-at="2025-03-28T09:34:02 IST" name="sendReportEmail" finished-at="2025-03-28T09:34:03 IST" duration-ms="87" status="PASS">
          <reporter-output>
          </reporter-output>
        </test-method> <!-- sendReportEmail -->
      </class> <!-- web.runners.OrgAdminTestRunner -->
    </test> <!-- Default test -->
  </suite> <!-- Default suite -->
</testng-results>
