<?xml version="1.0" encoding="UTF-8"?>
<!-- Generated by org.testng.reporters.JUnitReportReporter -->
<testsuite skipped="0" hostname="ASIPL00132_GirishB" name="web.runners.SmokeTestRunner" tests="1" failures="1" timestamp="2021-06-29T09:04:17 IST" time="12.540" errors="0">
  <testcase name="runScenario" time="12.540" classname="web.runners.SmokeTestRunner">
    <failure type="java.lang.AssertionError" message="expected [true] but found [false]">
      <![CDATA[java.lang.AssertionError: expected [true] but found [false]
at org.testng.Assert.fail(Assert.java:99)
at org.testng.Assert.failNotEquals(Assert.java:1037)
at org.testng.Assert.assertTrue(Assert.java:45)
at org.testng.Assert.assertTrue(Assert.java:55)
at web.stepdefs.StepDefinitionSmoke.i_enter_email(StepDefinitionSmoke.java:20)
at ✽.I enter email "tatiana.86c446aa@mailbeaver.net"(file:///E:/eclipse%20workplace/HatchCucumberAutomation/src/test/resources/web/features/SmokeTest.feature:8)
]]>
    </failure>
  </testcase> <!-- runScenario -->
  <system-out/>
</testsuite> <!-- web.runners.SmokeTestRunner -->
